<?xml version="1.0" encoding="UTF-8"?>
<!-- Generated by org.testng.reporters.JUnitReportReporter -->
<testsuite skipped="0" hostname="RENTAL03" name="Test.Test2" tests="1" failures="0" timestamp="29 Aug 2019 05:22:44 GMT" time="0.032" errors="0">
  <testcase name="changeinsa" time="0.032" classname="Test.Test2"/>
</testsuite> <!-- Test.Test2 -->
